<?xml version="1.0" encoding="UTF-8"?>
<testng-results ignored="0" total="12" passed="11" failed="0" skipped="1">
  <reporter-output>
  </reporter-output>
  <suite started-at="2020-11-29T00:00:50 EST" name="Command line suite" finished-at="2020-11-29T00:01:35 EST" duration-ms="44814">
    <groups>
    </groups>
    <test started-at="2020-11-29T00:00:50 EST" name="Command line test" finished-at="2020-11-29T00:01:35 EST" duration-ms="44814">
      <class name="com.mco.tests.LoginPageTest">
        <test-method is-config="true" signature="setUp()[pri:0, instance:com.mco.tests.LoginPageTest@2de8284b]" started-at="2020-11-29T00:01:19 EST" name="setUp" finished-at="2020-11-29T00:01:22 EST" duration-ms="3338" status="PASS">
          <reporter-output>
          </reporter-output>
        </test-method> <!-- setUp -->
        <test-method signature="loginLogoImageTest()[pri:0, instance:com.mco.tests.LoginPageTest@2de8284b]" started-at="2020-11-29T00:01:22 EST" name="loginLogoImageTest" finished-at="2020-11-29T00:01:22 EST" duration-ms="46" status="PASS">
          <reporter-output>
          </reporter-output>
        </test-method> <!-- loginLogoImageTest -->
        <test-method is-config="true" signature="tearDown()[pri:0, instance:com.mco.tests.LoginPageTest@2de8284b]" started-at="2020-11-29T00:01:22 EST" name="tearDown" finished-at="2020-11-29T00:01:22 EST" duration-ms="100" status="PASS">
          <reporter-output>
          </reporter-output>
        </test-method> <!-- tearDown -->
        <test-method is-config="true" signature="setUp()[pri:0, instance:com.mco.tests.LoginPageTest@2de8284b]" started-at="2020-11-29T00:01:22 EST" name="setUp" finished-at="2020-11-29T00:01:25 EST" duration-ms="3120" status="PASS">
          <reporter-output>
          </reporter-output>
        </test-method> <!-- setUp -->
        <test-method signature="loginPageTitleTest()[pri:0, instance:com.mco.tests.LoginPageTest@2de8284b]" started-at="2020-11-29T00:01:25 EST" name="loginPageTitleTest" finished-at="2020-11-29T00:01:26 EST" duration-ms="109" status="PASS">
          <reporter-output>
          </reporter-output>
        </test-method> <!-- loginPageTitleTest -->
        <test-method is-config="true" signature="tearDown()[pri:0, instance:com.mco.tests.LoginPageTest@2de8284b]" started-at="2020-11-29T00:01:26 EST" name="tearDown" finished-at="2020-11-29T00:01:26 EST" duration-ms="109" status="PASS">
          <reporter-output>
          </reporter-output>
        </test-method> <!-- tearDown -->
        <test-method is-config="true" signature="setUp()[pri:0, instance:com.mco.tests.LoginPageTest@2de8284b]" started-at="2020-11-29T00:01:26 EST" name="setUp" finished-at="2020-11-29T00:01:29 EST" duration-ms="3219" status="PASS">
          <reporter-output>
          </reporter-output>
        </test-method> <!-- setUp -->
        <test-method signature="loginTest()[pri:1, instance:com.mco.tests.LoginPageTest@2de8284b]" started-at="2020-11-29T00:01:29 EST" name="loginTest" finished-at="2020-11-29T00:01:30 EST" duration-ms="1293" status="PASS">
          <reporter-output>
          </reporter-output>
        </test-method> <!-- loginTest -->
        <test-method is-config="true" signature="tearDown()[pri:0, instance:com.mco.tests.LoginPageTest@2de8284b]" started-at="2020-11-29T00:01:30 EST" name="tearDown" finished-at="2020-11-29T00:01:30 EST" duration-ms="163" status="PASS">
          <reporter-output>
          </reporter-output>
        </test-method> <!-- tearDown -->
        <test-method is-config="true" signature="setUp()[pri:0, instance:com.mco.tests.LoginPageTest@2de8284b]" started-at="2020-11-29T00:01:30 EST" name="setUp" finished-at="2020-11-29T00:01:33 EST" duration-ms="3031" status="PASS">
          <reporter-output>
          </reporter-output>
        </test-method> <!-- setUp -->
        <test-method signature="curentUserNameTest()[pri:2, instance:com.mco.tests.LoginPageTest@2de8284b]" started-at="2020-11-29T00:01:33 EST" name="curentUserNameTest" finished-at="2020-11-29T00:01:35 EST" duration-ms="1755" status="PASS">
          <reporter-output>
          </reporter-output>
        </test-method> <!-- curentUserNameTest -->
        <test-method is-config="true" signature="tearDown()[pri:0, instance:com.mco.tests.LoginPageTest@2de8284b]" started-at="2020-11-29T00:01:35 EST" name="tearDown" finished-at="2020-11-29T00:01:35 EST" duration-ms="152" status="PASS">
          <reporter-output>
          </reporter-output>
        </test-method> <!-- tearDown -->
      </class> <!-- com.mco.tests.LoginPageTest -->
      <class name="com.mco.tests.RegistrationPageTest">
        <test-method is-config="true" signature="setUp()[pri:0, instance:com.mco.tests.RegistrationPageTest@3891771e]" started-at="2020-11-29T00:00:51 EST" name="setUp" finished-at="2020-11-29T00:00:56 EST" duration-ms="5458" status="PASS">
          <reporter-output>
          </reporter-output>
        </test-method> <!-- setUp -->
        <test-method signature="loginPageTitleTest()[pri:1, instance:com.mco.tests.RegistrationPageTest@3891771e]" started-at="2020-11-29T00:00:56 EST" name="loginPageTitleTest" finished-at="2020-11-29T00:00:56 EST" duration-ms="126" status="PASS">
          <reporter-output>
          </reporter-output>
        </test-method> <!-- loginPageTitleTest -->
        <test-method is-config="true" signature="tearDown()[pri:0, instance:com.mco.tests.RegistrationPageTest@3891771e]" started-at="2020-11-29T00:00:56 EST" name="tearDown" finished-at="2020-11-29T00:00:56 EST" duration-ms="172" status="PASS">
          <reporter-output>
          </reporter-output>
        </test-method> <!-- tearDown -->
        <test-method signature="newUserRegistrationTest(java.lang.String, java.lang.String, java.lang.String, java.lang.String, java.lang.String, java.lang.String, java.lang.String)[pri:2, instance:com.mco.tests.RegistrationPageTest@3891771e]" started-at="2020-11-29T00:00:57 EST" name="newUserRegistrationTest" data-provider="getMCOTestData" finished-at="2020-11-29T00:00:57 EST" duration-ms="0" status="SKIP">
          <exception class="java.lang.RuntimeException">
            <message>
              <![CDATA[java.lang.NullPointerException: Cannot invoke "org.apache.poi.ss.usermodel.Sheet.getLastRowNum()" because "com.mco.utill.TestUtill.sheet" is null]]>
            </message>
            <full-stacktrace>
              <![CDATA[java.lang.RuntimeException: java.lang.NullPointerException: Cannot invoke "org.apache.poi.ss.usermodel.Sheet.getLastRowNum()" because "com.mco.utill.TestUtill.sheet" is null
at org.testng.internal.MethodInvocationHelper.invokeMethodNoCheckedException(MethodInvocationHelper.java:49)
at org.testng.internal.MethodInvocationHelper.invokeDataProvider(MethodInvocationHelper.java:145)
at org.testng.internal.Parameters.handleParameters(Parameters.java:797)
at org.testng.internal.Parameters.handleParameters(Parameters.java:740)
at org.testng.internal.ParameterHandler.handleParameters(ParameterHandler.java:59)
at org.testng.internal.ParameterHandler.createParameters(ParameterHandler.java:38)
at org.testng.internal.TestInvoker$MethodInvocationAgent.invoke(TestInvoker.java:789)
at org.testng.internal.TestInvoker.invokeTestMethods(TestInvoker.java:147)
at org.testng.internal.TestMethodWorker.invokeTestMethods(TestMethodWorker.java:146)
at org.testng.internal.TestMethodWorker.run(TestMethodWorker.java:128)
at java.base/java.util.ArrayList.forEach(ArrayList.java:1511)
at org.testng.TestRunner.privateRun(TestRunner.java:764)
at org.testng.TestRunner.run(TestRunner.java:585)
at org.testng.SuiteRunner.runTest(SuiteRunner.java:384)
at org.testng.SuiteRunner.runSequentially(SuiteRunner.java:378)
at org.testng.SuiteRunner.privateRun(SuiteRunner.java:337)
at org.testng.SuiteRunner.run(SuiteRunner.java:286)
at org.testng.SuiteRunnerWorker.runSuite(SuiteRunnerWorker.java:53)
at org.testng.SuiteRunnerWorker.run(SuiteRunnerWorker.java:96)
at org.testng.TestNG.runSuitesSequentially(TestNG.java:1218)
at org.testng.TestNG.runSuitesLocally(TestNG.java:1140)
at org.testng.TestNG.runSuites(TestNG.java:1069)
at org.testng.TestNG.run(TestNG.java:1037)
at org.apache.maven.surefire.testng.TestNGExecutor.run(TestNGExecutor.java:77)
at org.apache.maven.surefire.testng.TestNGDirectoryTestSuite.executeMulti(TestNGDirectoryTestSuite.java:159)
at org.apache.maven.surefire.testng.TestNGDirectoryTestSuite.execute(TestNGDirectoryTestSuite.java:99)
at org.apache.maven.surefire.testng.TestNGProvider.invoke(TestNGProvider.java:106)
at java.base/jdk.internal.reflect.NativeMethodAccessorImpl.invoke0(Native Method)
at java.base/jdk.internal.reflect.NativeMethodAccessorImpl.invoke(NativeMethodAccessorImpl.java:64)
at java.base/jdk.internal.reflect.DelegatingMethodAccessorImpl.invoke(DelegatingMethodAccessorImpl.java:43)
at java.base/java.lang.reflect.Method.invoke(Method.java:564)
at org.apache.maven.surefire.util.ReflectionUtils.invokeMethodWithArray(ReflectionUtils.java:189)
at org.apache.maven.surefire.booter.ProviderFactory$ProviderProxy.invoke(ProviderFactory.java:165)
at org.apache.maven.surefire.booter.ProviderFactory.invokeProvider(ProviderFactory.java:85)
at org.apache.maven.surefire.booter.ForkedBooter.runSuitesInProcess(ForkedBooter.java:115)
at org.apache.maven.surefire.booter.ForkedBooter.main(ForkedBooter.java:75)
Caused by: java.lang.NullPointerException: Cannot invoke "org.apache.poi.ss.usermodel.Sheet.getLastRowNum()" because "com.mco.utill.TestUtill.sheet" is null
at com.mco.utill.TestUtill.getTestData(TestUtill.java:45)
at com.mco.tests.RegistrationPageTest.getMCOTestData(RegistrationPageTest.java:45)
at java.base/jdk.internal.reflect.NativeMethodAccessorImpl.invoke0(Native Method)
at java.base/jdk.internal.reflect.NativeMethodAccessorImpl.invoke(NativeMethodAccessorImpl.java:64)
at java.base/jdk.internal.reflect.DelegatingMethodAccessorImpl.invoke(DelegatingMethodAccessorImpl.java:43)
at java.base/java.lang.reflect.Method.invoke(Method.java:564)
at org.testng.internal.MethodInvocationHelper.invokeMethod(MethodInvocationHelper.java:132)
at org.testng.internal.MethodInvocationHelper.invokeMethod(MethodInvocationHelper.java:76)
at org.testng.internal.MethodInvocationHelper.invokeMethodNoCheckedException(MethodInvocationHelper.java:45)
... 35 more
]]>
            </full-stacktrace>
          </exception> <!-- java.lang.RuntimeException -->
          <reporter-output>
          </reporter-output>
        </test-method> <!-- newUserRegistrationTest -->
      </class> <!-- com.mco.tests.RegistrationPageTest -->
      <class name="com.mco.tests.HomePageTest">
        <test-method is-config="true" signature="setUp()[pri:0, instance:com.mco.tests.HomePageTest@78ac1102]" started-at="2020-11-29T00:00:57 EST" name="setUp" finished-at="2020-11-29T00:01:00 EST" duration-ms="3317" status="PASS">
          <reporter-output>
          </reporter-output>
        </test-method> <!-- setUp -->
        <test-method signature="loginPageTitleTest()[pri:1, instance:com.mco.tests.HomePageTest@78ac1102]" started-at="2020-11-29T00:01:00 EST" name="loginPageTitleTest" finished-at="2020-11-29T00:01:00 EST" duration-ms="16" status="PASS">
          <reporter-output>
          </reporter-output>
        </test-method> <!-- loginPageTitleTest -->
        <test-method is-config="true" signature="tearDown()[pri:0, instance:com.mco.tests.HomePageTest@78ac1102]" started-at="2020-11-29T00:01:00 EST" name="tearDown" finished-at="2020-11-29T00:01:01 EST" duration-ms="207" status="PASS">
          <reporter-output>
          </reporter-output>
        </test-method> <!-- tearDown -->
        <test-method is-config="true" signature="setUp()[pri:0, instance:com.mco.tests.HomePageTest@78ac1102]" started-at="2020-11-29T00:01:01 EST" name="setUp" finished-at="2020-11-29T00:01:04 EST" duration-ms="3378" status="PASS">
          <reporter-output>
          </reporter-output>
        </test-method> <!-- setUp -->
        <test-method signature="loginSourceButtonNameTest()[pri:2, instance:com.mco.tests.HomePageTest@78ac1102]" started-at="2020-11-29T00:01:04 EST" name="loginSourceButtonNameTest" finished-at="2020-11-29T00:01:04 EST" duration-ms="245" status="PASS">
          <reporter-output>
          </reporter-output>
        </test-method> <!-- loginSourceButtonNameTest -->
        <test-method is-config="true" signature="tearDown()[pri:0, instance:com.mco.tests.HomePageTest@78ac1102]" started-at="2020-11-29T00:01:04 EST" name="tearDown" finished-at="2020-11-29T00:01:04 EST" duration-ms="154" status="PASS">
          <reporter-output>
          </reporter-output>
        </test-method> <!-- tearDown -->
        <test-method is-config="true" signature="setUp()[pri:0, instance:com.mco.tests.HomePageTest@78ac1102]" started-at="2020-11-29T00:01:04 EST" name="setUp" finished-at="2020-11-29T00:01:07 EST" duration-ms="3151" status="PASS">
          <reporter-output>
          </reporter-output>
        </test-method> <!-- setUp -->
        <test-method signature="abotUsLinkTest()[pri:3, instance:com.mco.tests.HomePageTest@78ac1102]" started-at="2020-11-29T00:01:07 EST" name="abotUsLinkTest" finished-at="2020-11-29T00:01:08 EST" duration-ms="414" status="PASS">
          <reporter-output>
          </reporter-output>
        </test-method> <!-- abotUsLinkTest -->
        <test-method is-config="true" signature="tearDown()[pri:0, instance:com.mco.tests.HomePageTest@78ac1102]" started-at="2020-11-29T00:01:08 EST" name="tearDown" finished-at="2020-11-29T00:01:08 EST" duration-ms="100" status="PASS">
          <reporter-output>
          </reporter-output>
        </test-method> <!-- tearDown -->
        <test-method is-config="true" signature="setUp()[pri:0, instance:com.mco.tests.HomePageTest@78ac1102]" started-at="2020-11-29T00:01:08 EST" name="setUp" finished-at="2020-11-29T00:01:11 EST" duration-ms="3048" status="PASS">
          <reporter-output>
          </reporter-output>
        </test-method> <!-- setUp -->
        <test-method signature="contactUsLinkTest()[pri:4, instance:com.mco.tests.HomePageTest@78ac1102]" started-at="2020-11-29T00:01:11 EST" name="contactUsLinkTest" finished-at="2020-11-29T00:01:11 EST" duration-ms="269" status="PASS">
          <reporter-output>
          </reporter-output>
        </test-method> <!-- contactUsLinkTest -->
        <test-method is-config="true" signature="tearDown()[pri:0, instance:com.mco.tests.HomePageTest@78ac1102]" started-at="2020-11-29T00:01:11 EST" name="tearDown" finished-at="2020-11-29T00:01:11 EST" duration-ms="154" status="PASS">
          <reporter-output>
          </reporter-output>
        </test-method> <!-- tearDown -->
        <test-method is-config="true" signature="setUp()[pri:0, instance:com.mco.tests.HomePageTest@78ac1102]" started-at="2020-11-29T00:01:11 EST" name="setUp" finished-at="2020-11-29T00:01:14 EST" duration-ms="2745" status="PASS">
          <reporter-output>
          </reporter-output>
        </test-method> <!-- setUp -->
        <test-method signature="viewCartLinkTest()[pri:6, instance:com.mco.tests.HomePageTest@78ac1102]" started-at="2020-11-29T00:01:14 EST" name="viewCartLinkTest" finished-at="2020-11-29T00:01:14 EST" duration-ms="304" status="PASS">
          <reporter-output>
          </reporter-output>
        </test-method> <!-- viewCartLinkTest -->
        <test-method is-config="true" signature="tearDown()[pri:0, instance:com.mco.tests.HomePageTest@78ac1102]" started-at="2020-11-29T00:01:14 EST" name="tearDown" finished-at="2020-11-29T00:01:15 EST" duration-ms="153" status="PASS">
          <reporter-output>
          </reporter-output>
        </test-method> <!-- tearDown -->
        <test-method is-config="true" signature="setUp()[pri:0, instance:com.mco.tests.HomePageTest@78ac1102]" started-at="2020-11-29T00:01:15 EST" name="setUp" finished-at="2020-11-29T00:01:18 EST" duration-ms="2963" status="PASS">
          <reporter-output>
          </reporter-output>
        </test-method> <!-- setUp -->
        <test-method signature="CurrencyListsTest()[pri:7, instance:com.mco.tests.HomePageTest@78ac1102]" started-at="2020-11-29T00:01:18 EST" name="CurrencyListsTest" finished-at="2020-11-29T00:01:19 EST" duration-ms="1120" status="PASS">
          <reporter-output>
          </reporter-output>
        </test-method> <!-- CurrencyListsTest -->
        <test-method is-config="true" signature="tearDown()[pri:0, instance:com.mco.tests.HomePageTest@78ac1102]" started-at="2020-11-29T00:01:19 EST" name="tearDown" finished-at="2020-11-29T00:01:19 EST" duration-ms="129" status="PASS">
          <reporter-output>
          </reporter-output>
        </test-method> <!-- tearDown -->
      </class> <!-- com.mco.tests.HomePageTest -->
    </test> <!-- Command line test -->
  </suite> <!-- Command line suite -->
</testng-results>
